<?xml version="1.0" encoding="UTF-8"?>
<testsuite name="Training Project/tests" tests="4" failures="1" skipped="0" hostname="dell-shubhamsaini" time="207.035" timestamp="Thu Oct 14 16:45:49 IST 2021">
	<properties>
		<property name="excludeCallableTestCases" value="true"/>
		<property name="testEnvironment" value="TestEnv"/>
		<property name="pluginOutputLevel" value="WARNING"/>
		<property name="projectPath" value=".."/>
		<property name="salesforceMetadataCache" value="Reuse"/>
		<property name="resultsPathDisposition" value="Increment"/>
		<property name="testOutputLevel" value="INFO"/>
		<property name="webBrowserType" value="Chrome"/>
		<property name="resultsPath" value="../ANT/Results"/>
		<property name="webBrowserConfiguration" value="Full Screen"/>
		<property name="projectCachePath" value="C:\Users\shubham.saini\Training Use Case WS\Training Project\ANT\..\..\.provarCaches"/>
	</properties>
	<testcase classname="tests/CustomAPI.testcase" name="CustomAPI.testcase" time="0.032">
	</testcase>
	<testcase classname="tests/EmailURL.testcase" name="EmailURL.testcase" time="41.075">
	</testcase>
	<testcase classname="tests/Sale &amp; Service\Service.testcase" name="Service.testcase" time="162.65">
		<failure message="Execution failed"><![CDATA[Failed to retrieve Salesforce Object metadata via the Tooling API.  Object: Lead - [IOException: Failed to execute Tooling API composite query.  Connection: Admin, queries: [Lcom.provar.plugins.forcedotcom.core.client.tooling.ToolingQuery;@7828bf3, cause: [SocketTimeoutException: connect timed out], SocketTimeoutException: connect timed out]]]></failure>
	</testcase>
	<testcase classname="tests/WebService.testcase" name="WebService.testcase" time="2.147">
	</testcase>
</testsuite>
