<?xml version="1.0" encoding="UTF-8"?>
<testsuite name="Training Project/tests" tests="4" failures="1" skipped="0" hostname="dell-shubhamsaini" time="63.515" timestamp="Thu Oct 14 17:03:51 IST 2021">
	<properties>
		<property name="excludeCallableTestCases" value="true"/>
		<property name="testEnvironment" value="TestEnv"/>
		<property name="pluginOutputLevel" value="WARNING"/>
		<property name="projectPath" value=".."/>
		<property name="salesforceMetadataCache" value="Reuse"/>
		<property name="resultsPathDisposition" value="Increment"/>
		<property name="testOutputLevel" value="INFO"/>
		<property name="webBrowserType" value="Chrome"/>
		<property name="resultsPath" value="../ANT/Results"/>
		<property name="webBrowserConfiguration" value="Full Screen"/>
		<property name="projectCachePath" value="C:\Users\shubham.saini\Training Use Case WS\Training Project\ANT\..\..\.provarCaches"/>
	</properties>
	<testcase classname="tests/CustomAPI.testcase" name="CustomAPI.testcase" time="0.031">
	</testcase>
	<testcase classname="tests/EmailURL.testcase" name="EmailURL.testcase" time="41.35">
	</testcase>
	<testcase classname="tests/Sale &amp; Service\Service.testcase" name="Service.testcase" time="18.25">
		<failure message="Execution failed"><![CDATA[Error loading object definition.  Object name: Lead, Cause: Error loading the Lead object - No Object metadata was returned by the Tooling API.  Object: Lead]]></failure>
	</testcase>
	<testcase classname="tests/WebService.testcase" name="WebService.testcase" time="2.711">
	</testcase>
</testsuite>
