<?xml version="1.0" encoding="UTF-8"?>
<testsuite name="Training Project/tests" tests="4" failures="1" skipped="0" hostname="dell-shubhamsaini" time="595.136" timestamp="Mon Oct 18 11:54:45 IST 2021">
	<properties>
		<property name="excludeCallableTestCases" value="true"/>
		<property name="testEnvironment" value="TestEnv"/>
		<property name="pluginOutputLevel" value="WARNING"/>
		<property name="projectPath" value=".."/>
		<property name="salesforceMetadataCache" value="Reload"/>
		<property name="resultsPathDisposition" value="Increment"/>
		<property name="testOutputLevel" value="INFO"/>
		<property name="webBrowserType" value="Chrome"/>
		<property name="resultsPath" value="../ANT/Results"/>
		<property name="webBrowserConfiguration" value="Full Screen"/>
		<property name="projectCachePath" value="C:\Users\shubham.saini\Training Use Case WS\Training Project\ANT\..\..\.provarCaches"/>
	</properties>
	<testcase classname="tests/CustomAPI.testcase" name="CustomAPI.testcase" time="0.069">
	</testcase>
	<testcase classname="tests/EmailURL.testcase" name="EmailURL.testcase" time="39.99">
	</testcase>
	<testcase classname="tests/Sale &amp; Service\Service.testcase" name="Service.testcase" time="547.774">
		<failure message="Execution failed"><![CDATA[The Salesforce Object definition could not be found.  Target: sf:ui:target?flexiPage=support__Case_rec_L_3col&flexiPath=leftsidebar%3A%3A0&lightningComponent=console%3ArelatedRecord, object: null]]></failure>
	</testcase>
	<testcase classname="tests/WebService.testcase" name="WebService.testcase" time="2.032">
	</testcase>
</testsuite>
